# JRE version: Java(TM) SE Runtime Environment (8.0_161-b12) (build 1.8.0_161-b12)
# Java VM: Java HotSpot(TM) 64-Bit Server VM (25.161-b12 mixed mode windows-amd64 compressed oops)
Heap:
 PSYoungGen      total 190464K, used 91360K [0x000000076b600000, 0x0000000777b00000, 0x00000007c0000000)
  eden space 179712K, 50% used [0x000000076b600000,0x0000000770f38208,0x0000000776580000)
  from space 10752K, 0% used [0x0000000777080000,0x0000000777080000,0x0000000777b00000)
  to   space 10752K, 0% used [0x0000000776600000,0x0000000776600000,0x0000000777080000)
 ParOldGen       total 196096K, used 22082K [0x00000006c2200000, 0x00000006ce180000, 0x000000076b600000)
  object space 196096K, 11% used [0x00000006c2200000,0x00000006c3790ba8,0x00000006ce180000)
 Metaspace       used 38848K, capacity 40830K, committed 41088K, reserved 1085440K
  class space    used 5129K, capacity 5488K, committed 5504K, reserved 1048576K
GC Heap History (10 events):
Event: 0.864 GC heap before
{Heap before GC invocations=2 (full 0):
 PSYoungGen      total 75776K, used 54862K [0x000000076b600000, 0x0000000774a00000, 0x00000007c0000000)
  eden space 65024K, 70% used [0x000000076b600000,0x000000076e27c9c8,0x000000076f580000)
  from space 10752K, 86% used [0x000000076f580000,0x000000076fe96ec8,0x0000000770000000)
  to   space 10752K, 0% used [0x0000000773f80000,0x0000000773f80000,0x0000000774a00000)
 ParOldGen       total 173568K, used 16K [0x00000006c2200000, 0x00000006ccb80000, 0x000000076b600000)
  object space 173568K, 0% used [0x00000006c2200000,0x00000006c2204000,0x00000006ccb80000)
 Metaspace       used 20599K, capacity 21140K, committed 21296K, reserved 1067008K
  class space    used 2686K, capacity 2825K, committed 2944K, reserved 1048576K
Event: 0.870 GC heap after
Heap after GC invocations=2 (full 0):
 PSYoungGen      total 140800K, used 10397K [0x000000076b600000, 0x0000000774a00000, 0x00000007c0000000)
  eden space 130048K, 0% used [0x000000076b600000,0x000000076b600000,0x0000000773500000)
  from space 10752K, 96% used [0x0000000773f80000,0x00000007749a7618,0x0000000774a00000)
  to   space 10752K, 0% used [0x0000000773500000,0x0000000773500000,0x0000000773f80000)
 ParOldGen       total 173568K, used 24K [0x00000006c2200000, 0x00000006ccb80000, 0x000000076b600000)
  object space 173568K, 0% used [0x00000006c2200000,0x00000006c2206000,0x00000006ccb80000)
 Metaspace       used 20599K, capacity 21140K, committed 21296K, reserved 1067008K
  class space    used 2686K, capacity 2825K, committed 2944K, reserved 1048576K
}
Event: 0.870 GC heap before
{Heap before GC invocations=3 (full 1):
 PSYoungGen      total 140800K, used 10397K [0x000000076b600000, 0x0000000774a00000, 0x00000007c0000000)
  eden space 130048K, 0% used [0x000000076b600000,0x000000076b600000,0x0000000773500000)
  from space 10752K, 96% used [0x0000000773f80000,0x00000007749a7618,0x0000000774a00000)
  to   space 10752K, 0% used [0x0000000773500000,0x0000000773500000,0x0000000773f80000)
 ParOldGen       total 173568K, used 24K [0x00000006c2200000, 0x00000006ccb80000, 0x000000076b600000)
  object space 173568K, 0% used [0x00000006c2200000,0x00000006c2206000,0x00000006ccb80000)
 Metaspace       used 20599K, capacity 21140K, committed 21296K, reserved 1067008K
  class space    used 2686K, capacity 2825K, committed 2944K, reserved 1048576K
Event: 0.893 GC heap after
Heap after GC invocations=3 (full 1):
 PSYoungGen      total 140800K, used 0K [0x000000076b600000, 0x0000000774a00000, 0x00000007c0000000)
  eden space 130048K, 0% used [0x000000076b600000,0x000000076b600000,0x0000000773500000)
  from space 10752K, 0% used [0x0000000773f80000,0x0000000773f80000,0x0000000774a00000)
  to   space 10752K, 0% used [0x0000000773500000,0x0000000773500000,0x0000000773f80000)
 ParOldGen       total 112128K, used 9896K [0x00000006c2200000, 0x00000006c8f80000, 0x000000076b600000)
  object space 112128K, 8% used [0x00000006c2200000,0x00000006c2baa0c8,0x00000006c8f80000)
 Metaspace       used 20599K, capacity 21140K, committed 21296K, reserved 1067008K
  class space    used 2686K, capacity 2825K, committed 2944K, reserved 1048576K
}
Event: 2.189 GC heap before
{Heap before GC invocations=4 (full 1):
 PSYoungGen      total 140800K, used 130048K [0x000000076b600000, 0x0000000774a00000, 0x00000007c0000000)
  eden space 130048K, 100% used [0x000000076b600000,0x0000000773500000,0x0000000773500000)
  from space 10752K, 0% used [0x0000000773f80000,0x0000000773f80000,0x0000000774a00000)
  to   space 10752K, 0% used [0x0000000773500000,0x0000000773500000,0x0000000773f80000)
 ParOldGen       total 112128K, used 9896K [0x00000006c2200000, 0x00000006c8f80000, 0x000000076b600000)
  object space 112128K, 8% used [0x00000006c2200000,0x00000006c2baa0c8,0x00000006c8f80000)
 Metaspace       used 31035K, capacity 32252K, committed 32512K, reserved 1077248K
  class space    used 4041K, capacity 4299K, committed 4352K, reserved 1048576K
Event: 2.201 GC heap after
Heap after GC invocations=4 (full 1):
 PSYoungGen      total 140800K, used 10748K [0x000000076b600000, 0x0000000777b00000, 0x00000007c0000000)
  eden space 130048K, 0% used [0x000000076b600000,0x000000076b600000,0x0000000773500000)
  from space 10752K, 99% used [0x0000000773500000,0x0000000773f7f200,0x0000000773f80000)
  to   space 10752K, 0% used [0x0000000777080000,0x0000000777080000,0x0000000777b00000)
 ParOldGen       total 112128K, used 16773K [0x00000006c2200000, 0x00000006c8f80000, 0x000000076b600000)
  object space 112128K, 14% used [0x00000006c2200000,0x00000006c3261658,0x00000006c8f80000)
 Metaspace       used 31035K, capacity 32252K, committed 32512K, reserved 1077248K
  class space    used 4041K, capacity 4299K, committed 4352K, reserved 1048576K
}
Event: 3.014 GC heap before
{Heap before GC invocations=5 (full 1):
 PSYoungGen      total 140800K, used 109084K [0x000000076b600000, 0x0000000777b00000, 0x00000007c0000000)
  eden space 130048K, 75% used [0x000000076b600000,0x0000000771608000,0x0000000773500000)
  from space 10752K, 99% used [0x0000000773500000,0x0000000773f7f200,0x0000000773f80000)
  to   space 10752K, 0% used [0x0000000777080000,0x0000000777080000,0x0000000777b00000)
 ParOldGen       total 112128K, used 16773K [0x00000006c2200000, 0x00000006c8f80000, 0x000000076b600000)
  object space 112128K, 14% used [0x00000006c2200000,0x00000006c3261658,0x00000006c8f80000)
 Metaspace       used 33793K, capacity 35320K, committed 35496K, reserved 1079296K
  class space    used 4445K, capacity 4751K, committed 4864K, reserved 1048576K
Event: 3.027 GC heap after
Heap after GC invocations=5 (full 1):
 PSYoungGen      total 190464K, used 10731K [0x000000076b600000, 0x0000000777b00000, 0x00000007c0000000)
  eden space 179712K, 0% used [0x000000076b600000,0x000000076b600000,0x0000000776580000)
  from space 10752K, 99% used [0x0000000777080000,0x0000000777afac70,0x0000000777b00000)
  to   space 10752K, 0% used [0x0000000776600000,0x0000000776600000,0x0000000777080000)
 ParOldGen       total 112128K, used 23173K [0x00000006c2200000, 0x00000006c8f80000, 0x000000076b600000)
  object space 112128K, 20% used [0x00000006c2200000,0x00000006c38a1668,0x00000006c8f80000)
 Metaspace       used 33793K, capacity 35320K, committed 35496K, reserved 1079296K
  class space    used 4445K, capacity 4751K, committed 4864K, reserved 1048576K
}
Event: 3.027 GC heap before
{Heap before GC invocations=6 (full 2):
 PSYoungGen      total 190464K, used 10731K [0x000000076b600000, 0x0000000777b00000, 0x00000007c0000000)
  eden space 179712K, 0% used [0x000000076b600000,0x000000076b600000,0x0000000776580000)
  from space 10752K, 99% used [0x0000000777080000,0x0000000777afac70,0x0000000777b00000)
  to   space 10752K, 0% used [0x0000000776600000,0x0000000776600000,0x0000000777080000)
 ParOldGen       total 112128K, used 23173K [0x00000006c2200000, 0x00000006c8f80000, 0x000000076b600000)
  object space 112128K, 20% used [0x00000006c2200000,0x00000006c38a1668,0x00000006c8f80000)
 Metaspace       used 33793K, capacity 35320K, committed 35496K, reserved 1079296K
  class space    used 4445K, capacity 4751K, committed 4864K, reserved 1048576K
Event: 3.082 GC heap after
Heap after GC invocations=6 (full 2):
 PSYoungGen      total 190464K, used 0K [0x000000076b600000, 0x0000000777b00000, 0x00000007c0000000)
  eden space 179712K, 0% used [0x000000076b600000,0x000000076b600000,0x0000000776580000)
  from space 10752K, 0% used [0x0000000777080000,0x0000000777080000,0x0000000777b00000)
  to   space 10752K, 0% used [0x0000000776600000,0x0000000776600000,0x0000000777080000)
 ParOldGen       total 196096K, used 22082K [0x00000006c2200000, 0x00000006ce180000, 0x000000076b600000)
  object space 196096K, 11% used [0x00000006c2200000,0x00000006c3790ba8,0x00000006ce180000)
 Metaspace       used 33793K, capacity 35320K, committed 35496K, reserved 1079296K
  class space    used 4445K, capacity 4751K, committed 4864K, reserved 1048576K
}

